c:\project\smu_assignment1_resourcemanager\smu_assignment1_resourcemanager\debug\vc100.pdb
c:\project\smu_assignment1_resourcemanager\smu_assignment1_resourcemanager\debug\main.obj
c:\project\smu_assignment1_resourcemanager\smu_assignment1_resourcemanager\debug\tree.obj
c:\project\smu_assignment1_resourcemanager\smu_assignment1_resourcemanager\debug\treenode.obj
c:\project\smu_assignment1_resourcemanager\debug\smu_assignment1_resourcemanager.ilk
c:\project\smu_assignment1_resourcemanager\debug\smu_assignment1_resourcemanager.exe
c:\project\smu_assignment1_resourcemanager\smu_assignment1_resourcemanager\debug\smu_assignment1_resourcemanager.exe.intermediate.manifest
c:\project\smu_assignment1_resourcemanager\debug\smu_assignment1_resourcemanager.pdb
c:\project\smu_assignment1_resourcemanager\smu_assignment1_resourcemanager\debug\vc140.pdb
c:\project\smu_assignment1_resourcemanager\smu_assignment1_resourcemanager\debug\vc140.idb
c:\project\smu_assignment1_resourcemanager\smu_assignment1_resourcemanager\debug\smu_assignment1_resourcemanager.vcxprojresolveassemblyreference.cache
c:\project\smu_assignment1_resourcemanager\smu_assignment1_resourcemanager\debug\cl.command.1.tlog
c:\project\smu_assignment1_resourcemanager\smu_assignment1_resourcemanager\debug\cl.read.1.tlog
c:\project\smu_assignment1_resourcemanager\smu_assignment1_resourcemanager\debug\cl.write.1.tlog
c:\project\smu_assignment1_resourcemanager\smu_assignment1_resourcemanager\debug\link.command.1.tlog
c:\project\smu_assignment1_resourcemanager\smu_assignment1_resourcemanager\debug\link.read.1.tlog
c:\project\smu_assignment1_resourcemanager\smu_assignment1_resourcemanager\debug\link.write.1.tlog
c:\project\smu_assignment1_resourcemanager\smu_assignment1_resourcemanager\debug\mt.command.1.tlog
c:\project\smu_assignment1_resourcemanager\smu_assignment1_resourcemanager\debug\mt.read.1.tlog
c:\project\smu_assignment1_resourcemanager\smu_assignment1_resourcemanager\debug\mt.write.1.tlog
c:\project\smu_assignment1_resourcemanager\smu_assignment1_resourcemanager\debug\smu_assignment1_resourcemanager.write.1.tlog
c:\project\smu_assignment1_resourcemanager\smu_assignment1_resourcemanager\debug\vc100.idb
c:\project\smu_assignment1_resourcemanager\smu_assignment1_resourcemanager\debug\smu_assi.222d3cad.tlog\cl.command.1.tlog
c:\project\smu_assignment1_resourcemanager\smu_assignment1_resourcemanager\debug\smu_assi.222d3cad.tlog\cl.read.1.tlog
c:\project\smu_assignment1_resourcemanager\smu_assignment1_resourcemanager\debug\smu_assi.222d3cad.tlog\cl.write.1.tlog
c:\project\smu_assignment1_resourcemanager\smu_assignment1_resourcemanager\debug\smu_assi.222d3cad.tlog\link-cvtres.read.1.tlog
c:\project\smu_assignment1_resourcemanager\smu_assignment1_resourcemanager\debug\smu_assi.222d3cad.tlog\link-cvtres.write.1.tlog
c:\project\smu_assignment1_resourcemanager\smu_assignment1_resourcemanager\debug\smu_assi.222d3cad.tlog\link-rc.read.1.tlog
c:\project\smu_assignment1_resourcemanager\smu_assignment1_resourcemanager\debug\smu_assi.222d3cad.tlog\link-rc.write.1.tlog
c:\project\smu_assignment1_resourcemanager\smu_assignment1_resourcemanager\debug\smu_assi.222d3cad.tlog\link.command.1.tlog
c:\project\smu_assignment1_resourcemanager\smu_assignment1_resourcemanager\debug\smu_assi.222d3cad.tlog\link.read.1.tlog
c:\project\smu_assignment1_resourcemanager\smu_assignment1_resourcemanager\debug\smu_assi.222d3cad.tlog\link.write.1.tlog
